<?xml version="1.0" encoding="UTF-8"?>
<!-- Generated by org.testng.reporters.JUnitXMLReporter -->
<testsuite hostname="LAPTOP-A003P5EU" ignored="2" name="Test" tests="6" failures="4" timestamp="06 Jan 2021 14:02:55 GMT" time="37.492" errors="0">
  <testcase name="validateGsuiteLoginWhenConnected" time="30.587" classname="signInViaSSO.GoogleSsoSignIn"/>
  <testcase name="login" time="2.217" classname="resources.InitiateDriver"/>
  <testcase name="validateSlackLoginWhenConnected" time="0.003" classname="signInViaSSO.ADPSsoSignIn">
    <failure type="java.lang.NullPointerException">
      <![CDATA[java.lang.NullPointerException
at signInViaSSO.ADPSsoSignIn.validateADPLogin(ADPSsoSignIn.java:23)
at signInViaSSO.ADPSsoSignIn.validateSlackLoginWhenConnected(ADPSsoSignIn.java:64)
... Removed 25 stack frames]]>
    </failure>
  </testcase> <!-- validateSlackLoginWhenConnected -->
  <testcase name="login" time="0.002" classname="resources.InitiateDriver">
    <failure type="java.lang.NullPointerException">
      <![CDATA[java.lang.NullPointerException
at resources.InitiateDriver.login(InitiateDriver.java:55)
... Removed 25 stack frames]]>
    </failure>
  </testcase> <!-- login -->
  <testcase name="login" time="0.001" classname="resources.InitiateDriver">
    <failure type="java.lang.NullPointerException">
      <![CDATA[java.lang.NullPointerException
at resources.InitiateDriver.login(InitiateDriver.java:55)
... Removed 25 stack frames]]>
    </failure>
  </testcase> <!-- login -->
  <testcase name="validateSlackLoginWhenConnected" time="0.002" classname="signInViaSSO.O365SsoSignIn">
    <failure type="java.lang.NullPointerException">
      <![CDATA[java.lang.NullPointerException
at signInViaSSO.O365SsoSignIn.validateO365Login(O365SsoSignIn.java:22)
at signInViaSSO.O365SsoSignIn.validateSlackLoginWhenConnected(O365SsoSignIn.java:54)
... Removed 25 stack frames]]>
    </failure>
  </testcase> <!-- validateSlackLoginWhenConnected -->
  <testcase name="@BeforeTest initializeDriver" time="0.0" classname="resources.InitiateDriver">
    <ignored/>
  </testcase> <!-- @BeforeTest initializeDriver -->
  <testcase name="@BeforeTest initializeDriver" time="0.0" classname="resources.InitiateDriver">
    <ignored/>
  </testcase> <!-- @BeforeTest initializeDriver -->
</testsuite> <!-- Test -->
